<?xml version="1.0" encoding="UTF-8"?>
<testng-results ignored="0" total="1" passed="1" failed="0" skipped="0">
  <reporter-output>
  </reporter-output>
  <suite started-at="2026-02-23T09:08:18 PST" name="Default suite" finished-at="2026-02-23T09:12:31 PST" duration-ms="253546">
    <groups>
    </groups>
    <test started-at="2026-02-23T09:08:18 PST" name="Default test" finished-at="2026-02-23T09:12:31 PST" duration-ms="253546">
      <class name="tests.LoginTest">
        <test-method is-config="true" signature="setup()[pri:0, instance:tests.LoginTest@47eaca72]" started-at="2026-02-23T09:08:18 PST" name="setup" finished-at="2026-02-23T09:12:27 PST" duration-ms="249359" status="PASS">
          <reporter-output>
          </reporter-output>
        </test-method> <!-- setup -->
        <test-method signature="loginTests()[pri:0, instance:tests.LoginTest@47eaca72]" started-at="2026-02-23T09:12:27 PST" name="loginTests" finished-at="2026-02-23T09:12:31 PST" duration-ms="3476" status="PASS">
          <reporter-output>
          </reporter-output>
        </test-method> <!-- loginTests -->
        <test-method is-config="true" signature="teardown()[pri:0, instance:tests.LoginTest@47eaca72]" started-at="2026-02-23T09:12:31 PST" name="teardown" finished-at="2026-02-23T09:12:31 PST" duration-ms="659" status="PASS">
          <reporter-output>
          </reporter-output>
        </test-method> <!-- teardown -->
      </class> <!-- tests.LoginTest -->
    </test> <!-- Default test -->
  </suite> <!-- Default suite -->
</testng-results>
